<?xml version="1.0" encoding="UTF-8" ?>
<testsuite failures="0" time="8.326" errors="0" skipped="0" tests="8" name="TestSuite">
  <properties>
    <property name="java.runtime.name" value="Java(TM) SE Runtime Environment"/>
    <property name="sun.boot.library.path" value="/Library/Java/JavaVirtualMachines/jdk1.7.0_25.jdk/Contents/Home/jre/lib"/>
    <property name="java.vm.version" value="23.25-b01"/>
    <property name="gopherProxySet" value="false"/>
    <property name="java.vm.vendor" value="Oracle Corporation"/>
    <property name="java.vendor.url" value="http://java.oracle.com/"/>
    <property name="path.separator" value=":"/>
    <property name="java.vm.name" value="Java HotSpot(TM) 64-Bit Server VM"/>
    <property name="file.encoding.pkg" value="sun.io"/>
    <property name="user.country" value="US"/>
    <property name="sun.java.launcher" value="SUN_STANDARD"/>
    <property name="sun.os.patch.level" value="unknown"/>
    <property name="java.vm.specification.name" value="Java Virtual Machine Specification"/>
    <property name="user.dir" value="/Users/nbharadwaj/Documents/workspace_android/TgxdGtwApi/target"/>
    <property name="java.runtime.version" value="1.7.0_25-b15"/>
    <property name="java.awt.graphicsenv" value="sun.awt.CGraphicsEnvironment"/>
    <property name="basedir" value="/Users/nbharadwaj/Documents/workspace_android/TgxdGtwApi"/>
    <property name="java.endorsed.dirs" value="/Library/Java/JavaVirtualMachines/jdk1.7.0_25.jdk/Contents/Home/jre/lib/endorsed"/>
    <property name="os.arch" value="x86_64"/>
    <property name="surefire.real.class.path" value="/var/folders/05/mbkrbhm970l89pp_xkpwvszr0pjfb1/T/surefirebooter7267073177498210053.jar"/>
    <property name="java.io.tmpdir" value="/var/folders/05/mbkrbhm970l89pp_xkpwvszr0pjfb1/T/"/>
    <property name="line.separator" value="
"/>
    <property name="java.vm.specification.vendor" value="Oracle Corporation"/>
    <property name="os.name" value="Mac OS X"/>
    <property name="sun.jnu.encoding" value="US-ASCII"/>
    <property name="java.library.path" value="/Users/nbharadwaj/Library/Java/Extensions:/Library/Java/Extensions:/Network/Library/Java/Extensions:/System/Library/Java/Extensions:/usr/lib/java:."/>
    <property name="surefire.test.class.path" value="/Users/nbharadwaj/Documents/workspace_android/TgxdGtwApi/target/test-classes:/Users/nbharadwaj/Documents/workspace_android/TgxdGtwApi/target/classes:/Users/nbharadwaj/.m2/repository/org/testng/testng/6.3.1/testng-6.3.1.jar:/Users/nbharadwaj/.m2/repository/junit/junit/3.8.1/junit-3.8.1.jar:/Users/nbharadwaj/.m2/repository/org/beanshell/bsh/2.0b4/bsh-2.0b4.jar:/Users/nbharadwaj/.m2/repository/com/beust/jcommander/1.12/jcommander-1.12.jar:/Users/nbharadwaj/.m2/repository/org/yaml/snakeyaml/1.6/snakeyaml-1.6.jar:/Users/nbharadwaj/.m2/repository/com/googlecode/json-simple/json-simple/1.1/json-simple-1.1.jar:/Users/nbharadwaj/.m2/repository/com/sun/jersey/jersey-client/1.18/jersey-client-1.18.jar:/Users/nbharadwaj/.m2/repository/com/sun/jersey/jersey-core/1.18/jersey-core-1.18.jar:/Users/nbharadwaj/.m2/repository/org/uncommons/reportng/1.1.4/reportng-1.1.4.jar:/Users/nbharadwaj/.m2/repository/velocity/velocity/1.4/velocity-1.4.jar:/Users/nbharadwaj/.m2/repository/velocity/velocity-dep/1.4/velocity-dep-1.4.jar:/Users/nbharadwaj/.m2/repository/com/google/inject/guice/3.0/guice-3.0.jar:/Users/nbharadwaj/.m2/repository/javax/inject/javax.inject/1/javax.inject-1.jar:/Users/nbharadwaj/.m2/repository/aopalliance/aopalliance/1.0/aopalliance-1.0.jar:"/>
    <property name="java.specification.name" value="Java Platform API Specification"/>
    <property name="java.class.version" value="51.0"/>
    <property name="sun.management.compiler" value="HotSpot 64-Bit Tiered Compilers"/>
    <property name="os.version" value="10.8.5"/>
    <property name="http.nonProxyHosts" value="local|*.local|169.254/16|*.169.254/16"/>
    <property name="user.home" value="/Users/nbharadwaj"/>
    <property name="user.timezone" value="Asia/Kolkata"/>
    <property name="java.awt.printerjob" value="sun.lwawt.macosx.CPrinterJob"/>
    <property name="java.specification.version" value="1.7"/>
    <property name="file.encoding" value="US-ASCII"/>
    <property name="user.name" value="nbharadwaj"/>
    <property name="java.class.path" value="/Users/nbharadwaj/Documents/workspace_android/TgxdGtwApi/target/test-classes:/Users/nbharadwaj/Documents/workspace_android/TgxdGtwApi/target/classes:/Users/nbharadwaj/.m2/repository/org/testng/testng/6.3.1/testng-6.3.1.jar:/Users/nbharadwaj/.m2/repository/junit/junit/3.8.1/junit-3.8.1.jar:/Users/nbharadwaj/.m2/repository/org/beanshell/bsh/2.0b4/bsh-2.0b4.jar:/Users/nbharadwaj/.m2/repository/com/beust/jcommander/1.12/jcommander-1.12.jar:/Users/nbharadwaj/.m2/repository/org/yaml/snakeyaml/1.6/snakeyaml-1.6.jar:/Users/nbharadwaj/.m2/repository/com/googlecode/json-simple/json-simple/1.1/json-simple-1.1.jar:/Users/nbharadwaj/.m2/repository/com/sun/jersey/jersey-client/1.18/jersey-client-1.18.jar:/Users/nbharadwaj/.m2/repository/com/sun/jersey/jersey-core/1.18/jersey-core-1.18.jar:/Users/nbharadwaj/.m2/repository/org/uncommons/reportng/1.1.4/reportng-1.1.4.jar:/Users/nbharadwaj/.m2/repository/velocity/velocity/1.4/velocity-1.4.jar:/Users/nbharadwaj/.m2/repository/velocity/velocity-dep/1.4/velocity-dep-1.4.jar:/Users/nbharadwaj/.m2/repository/com/google/inject/guice/3.0/guice-3.0.jar:/Users/nbharadwaj/.m2/repository/javax/inject/javax.inject/1/javax.inject-1.jar:/Users/nbharadwaj/.m2/repository/aopalliance/aopalliance/1.0/aopalliance-1.0.jar:"/>
    <property name="java.vm.specification.version" value="1.7"/>
    <property name="sun.arch.data.model" value="64"/>
    <property name="java.home" value="/Library/Java/JavaVirtualMachines/jdk1.7.0_25.jdk/Contents/Home/jre"/>
    <property name="sun.java.command" value="/var/folders/05/mbkrbhm970l89pp_xkpwvszr0pjfb1/T/surefirebooter7267073177498210053.jar /var/folders/05/mbkrbhm970l89pp_xkpwvszr0pjfb1/T/surefire2129882608376322223tmp /var/folders/05/mbkrbhm970l89pp_xkpwvszr0pjfb1/T/surefire5382564979794034617tmp"/>
    <property name="java.specification.vendor" value="Oracle Corporation"/>
    <property name="user.language" value="en"/>
    <property name="awt.toolkit" value="sun.lwawt.macosx.LWCToolkit"/>
    <property name="java.vm.info" value="mixed mode"/>
    <property name="java.version" value="1.7.0_25"/>
    <property name="java.ext.dirs" value="/Users/nbharadwaj/Library/Java/Extensions:/Library/Java/JavaVirtualMachines/jdk1.7.0_25.jdk/Contents/Home/jre/lib/ext:/Library/Java/Extensions:/Network/Library/Java/Extensions:/System/Library/Java/Extensions:/usr/lib/java"/>
    <property name="sun.boot.class.path" value="/Library/Java/JavaVirtualMachines/jdk1.7.0_25.jdk/Contents/Home/jre/lib/resources.jar:/Library/Java/JavaVirtualMachines/jdk1.7.0_25.jdk/Contents/Home/jre/lib/rt.jar:/Library/Java/JavaVirtualMachines/jdk1.7.0_25.jdk/Contents/Home/jre/lib/sunrsasign.jar:/Library/Java/JavaVirtualMachines/jdk1.7.0_25.jdk/Contents/Home/jre/lib/jsse.jar:/Library/Java/JavaVirtualMachines/jdk1.7.0_25.jdk/Contents/Home/jre/lib/jce.jar:/Library/Java/JavaVirtualMachines/jdk1.7.0_25.jdk/Contents/Home/jre/lib/charsets.jar:/Library/Java/JavaVirtualMachines/jdk1.7.0_25.jdk/Contents/Home/jre/lib/jfr.jar:/Library/Java/JavaVirtualMachines/jdk1.7.0_25.jdk/Contents/Home/jre/lib/JObjC.jar:/Library/Java/JavaVirtualMachines/jdk1.7.0_25.jdk/Contents/Home/jre/classes"/>
    <property name="java.vendor" value="Oracle Corporation"/>
    <property name="localRepository" value="/Users/nbharadwaj/.m2/repository"/>
    <property name="file.separator" value="/"/>
    <property name="java.vendor.url.bug" value="http://bugreport.sun.com/bugreport/"/>
    <property name="sun.cpu.endian" value="little"/>
    <property name="sun.io.unicode.encoding" value="UnicodeBig"/>
    <property name="socksNonProxyHosts" value="local|*.local|169.254/16|*.169.254/16"/>
    <property name="ftp.nonProxyHosts" value="local|*.local|169.254/16|*.169.254/16"/>
    <property name="sun.cpu.isalist" value=""/>
  </properties>
  <testcase time="1.593" classname="com.tgxd.gtw.nameApi.test.AiringsTest" name="testNotNullFields_N"/>
  <testcase time="1.103" classname="com.tgxd.gtw.nameApi.test.AiringsTest" name="testNotNullFields_N"/>
  <testcase time="0.781" classname="com.tgxd.gtw.nameApi.test.AiringsTest" name="testServiceID"/>
  <testcase time="0.879" classname="com.tgxd.gtw.nameApi.test.AiringsTest" name="testServiceID"/>
  <testcase time="0.838" classname="com.tgxd.gtw.nameApi.test.AiringsTest" name="testgetStatus"/>
  <testcase time="0.837" classname="com.tgxd.gtw.nameApi.test.AiringsTest" name="testgetStatus"/>
  <testcase time="0.923" classname="com.tgxd.gtw.nameApi.test.AiringsTest" name="testisDataEmpty_N"/>
  <testcase time="0.779" classname="com.tgxd.gtw.nameApi.test.AiringsTest" name="testisDataEmpty_N"/>
</testsuite>