<?xml version="1.0" encoding="UTF-8"?>
<!-- Generated by org.testng.reporters.JUnitReportReporter -->
<testsuite hostname="mum-1nbharad-m.local" name="foo.MyClass1" tests="4" failures="0" timestamp="22 Jun 2014 08:13:55 GMT" time="0.018" errors="0">
  <testcase name="test2" time="0.001" classname="foo.MyClass1"/>
  <testcase name="test1" time="0.015" classname="foo.MyClass1"/>
  <testcase name="test5" time="0.001" classname="foo.MyClass1"/>
  <testcase name="test4" time="0.001" classname="foo.MyClass1"/>
</testsuite> <!-- foo.MyClass1 -->
