<?xml version="1.0" encoding="UTF-8"?>
<!-- Generated by org.testng.reporters.JUnitReportReporter -->
<testsuite hostname="mum-1nbharad-m.local" name="com.tgxd.gtw.nameApi.test.NameTest" tests="16" failures="0" timestamp="23 Jun 2014 07:18:01 GMT" time="11.479" errors="0">
  <testcase name="testImageUrl" time="0.784" classname="com.tgxd.gtw.nameApi.test.NameTest"/>
  <testcase name="testCelebrityId" time="0.631" classname="com.tgxd.gtw.nameApi.test.NameTest"/>
  <testcase name="testgetStatus" time="0.611" classname="com.tgxd.gtw.nameApi.test.NameTest"/>
  <testcase name="testNotNullFields_N" time="0.602" classname="com.tgxd.gtw.nameApi.test.NameTest"/>
  <testcase name="testCelebrityIDPresentInURL" time="0.620" classname="com.tgxd.gtw.nameApi.test.NameTest"/>
  <testcase name="testNotNullFields_N" time="0.712" classname="com.tgxd.gtw.nameApi.test.NameTest"/>
  <testcase name="testServiceIDPresentInURL" time="0.733" classname="com.tgxd.gtw.nameApi.test.NameTest"/>
  <testcase name="testgetStatus" time="0.629" classname="com.tgxd.gtw.nameApi.test.NameTest"/>
  <testcase name="testisDataEmpty_N" time="0.639" classname="com.tgxd.gtw.nameApi.test.NameTest"/>
  <testcase name="testCelebrityIDPresentInURL" time="1.391" classname="com.tgxd.gtw.nameApi.test.NameTest"/>
  <testcase name="testLocaleInUrls" time="0.641" classname="com.tgxd.gtw.nameApi.test.NameTest"/>
  <testcase name="testImageUrl" time="0.675" classname="com.tgxd.gtw.nameApi.test.NameTest"/>
  <testcase name="testServiceIDPresentInURL" time="0.598" classname="com.tgxd.gtw.nameApi.test.NameTest"/>
  <testcase name="testLocaleInUrls" time="0.790" classname="com.tgxd.gtw.nameApi.test.NameTest"/>
  <testcase name="testCelebrityId" time="0.616" classname="com.tgxd.gtw.nameApi.test.NameTest"/>
  <testcase name="testisDataEmpty_N" time="0.807" classname="com.tgxd.gtw.nameApi.test.NameTest"/>
</testsuite> <!-- com.tgxd.gtw.nameApi.test.NameTest -->
