<?xml version="1.0" encoding="UTF-8"?>
<!-- Generated by org.testng.reporters.JUnitReportReporter -->
<testsuite hostname="mum-1nbharad-m.local" name="com.tgxd.gtw.nameApi.MyClass1" tests="4" failures="0" timestamp="22 Jun 2014 10:12:01 GMT" time="0.017" errors="0">
  <testcase name="test4" time="0.001" classname="com.tgxd.gtw.nameApi.MyClass1"/>
  <testcase name="test5" time="0.001" classname="com.tgxd.gtw.nameApi.MyClass1"/>
  <testcase name="test2" time="0.000" classname="com.tgxd.gtw.nameApi.MyClass1"/>
  <testcase name="test1" time="0.015" classname="com.tgxd.gtw.nameApi.MyClass1"/>
</testsuite> <!-- com.tgxd.gtw.nameApi.MyClass1 -->
