<?xml version="1.0" encoding="UTF-8"?>
<!-- Generated by org.testng.reporters.JUnitReportReporter -->
<testsuite hostname="mum-1nbharad-m.local" name="com.tgxd.gtw.nameApi.test.CreditsTest" tests="14" failures="0" timestamp="23 Jun 2014 07:18:01 GMT" time="10.561" errors="0">
  <testcase name="testNotNullFields_N" time="0.676" classname="com.tgxd.gtw.nameApi.test.CreditsTest"/>
  <testcase name="testgetStatus" time="0.421" classname="com.tgxd.gtw.nameApi.test.CreditsTest"/>
  <testcase name="testProgramIDInURLs" time="0.452" classname="com.tgxd.gtw.nameApi.test.CreditsTest"/>
  <testcase name="testNotNullFields_N" time="0.649" classname="com.tgxd.gtw.nameApi.test.CreditsTest"/>
  <testcase name="testLocalesInURLs" time="1.268" classname="com.tgxd.gtw.nameApi.test.CreditsTest"/>
  <testcase name="testServiceIDInURLs" time="0.647" classname="com.tgxd.gtw.nameApi.test.CreditsTest"/>
  <testcase name="testLocalesInURLs" time="0.980" classname="com.tgxd.gtw.nameApi.test.CreditsTest"/>
  <testcase name="testisDataEmpty_N" time="0.472" classname="com.tgxd.gtw.nameApi.test.CreditsTest"/>
  <testcase name="testNameID" time="1.800" classname="com.tgxd.gtw.nameApi.test.CreditsTest"/>
  <testcase name="testProgramIDInURLs" time="0.683" classname="com.tgxd.gtw.nameApi.test.CreditsTest"/>
  <testcase name="testServiceIDInURLs" time="0.683" classname="com.tgxd.gtw.nameApi.test.CreditsTest"/>
  <testcase name="testNameID" time="0.966" classname="com.tgxd.gtw.nameApi.test.CreditsTest"/>
  <testcase name="testgetStatus" time="0.454" classname="com.tgxd.gtw.nameApi.test.CreditsTest"/>
  <testcase name="testisDataEmpty_N" time="0.410" classname="com.tgxd.gtw.nameApi.test.CreditsTest"/>
</testsuite> <!-- com.tgxd.gtw.nameApi.test.CreditsTest -->
