<?xml version="1.0" encoding="UTF-8"?>
<testsuite name="TestSuite" time="78.307" tests="106" errors="0" skipped="0" failures="0">
  <properties>
    <property name="java.runtime.name" value="Java(TM) SE Runtime Environment"/>
    <property name="sun.boot.library.path" value="/Library/Java/JavaVirtualMachines/jdk1.7.0_25.jdk/Contents/Home/jre/lib"/>
    <property name="java.vm.version" value="23.25-b01"/>
    <property name="gopherProxySet" value="false"/>
    <property name="java.vm.vendor" value="Oracle Corporation"/>
    <property name="java.vendor.url" value="http://java.oracle.com/"/>
    <property name="path.separator" value=":"/>
    <property name="guice.disable.misplaced.annotation.check" value="true"/>
    <property name="java.vm.name" value="Java HotSpot(TM) 64-Bit Server VM"/>
    <property name="file.encoding.pkg" value="sun.io"/>
    <property name="user.country" value="US"/>
    <property name="sun.java.launcher" value="SUN_STANDARD"/>
    <property name="sun.os.patch.level" value="unknown"/>
    <property name="java.vm.specification.name" value="Java Virtual Machine Specification"/>
    <property name="user.dir" value="/Users/nbharadwaj/git/TGxD_GTW_API_Testing"/>
    <property name="java.runtime.version" value="1.7.0_25-b15"/>
    <property name="java.awt.graphicsenv" value="sun.awt.CGraphicsEnvironment"/>
    <property name="java.endorsed.dirs" value="/Library/Java/JavaVirtualMachines/jdk1.7.0_25.jdk/Contents/Home/jre/lib/endorsed"/>
    <property name="os.arch" value="x86_64"/>
    <property name="java.io.tmpdir" value="/var/folders/05/mbkrbhm970l89pp_xkpwvszr0pjfb1/T/"/>
    <property name="line.separator" value="&#10;"/>
    <property name="java.vm.specification.vendor" value="Oracle Corporation"/>
    <property name="os.name" value="Mac OS X"/>
    <property name="classworlds.conf" value="/Users/nbharadwaj/Documents/workspace/.metadata/.plugins/org.eclipse.m2e.core/launches/m2conf9017924572413274418.tmp"/>
    <property name="sun.jnu.encoding" value="US-ASCII"/>
    <property name="java.library.path" value="/Users/nbharadwaj/Library/Java/Extensions:/Library/Java/Extensions:/Network/Library/Java/Extensions:/System/Library/Java/Extensions:/usr/lib/java:."/>
    <property name="java.specification.name" value="Java Platform API Specification"/>
    <property name="java.class.version" value="51.0"/>
    <property name="sun.management.compiler" value="HotSpot 64-Bit Tiered Compilers"/>
    <property name="os.version" value="10.8.5"/>
    <property name="http.nonProxyHosts" value="local|*.local|169.254/16|*.169.254/16"/>
    <property name="user.home" value="/Users/nbharadwaj"/>
    <property name="user.timezone" value="Asia/Kolkata"/>
    <property name="java.awt.printerjob" value="sun.lwawt.macosx.CPrinterJob"/>
    <property name="java.specification.version" value="1.7"/>
    <property name="file.encoding" value="US-ASCII"/>
    <property name="user.name" value="nbharadwaj"/>
    <property name="java.class.path" value="/Users/nbharadwaj/Documents/adt-bundle-mac-x86_64-20131030/eclipse/configuration/org.eclipse.osgi/bundles/371/1/.cp/jars/plexus-classworlds-2.4.jar"/>
    <property name="java.vm.specification.version" value="1.7"/>
    <property name="sun.arch.data.model" value="64"/>
    <property name="java.home" value="/Library/Java/JavaVirtualMachines/jdk1.7.0_25.jdk/Contents/Home/jre"/>
    <property name="sun.java.command" value="org.codehaus.plexus.classworlds.launcher.Launcher -B test"/>
    <property name="java.specification.vendor" value="Oracle Corporation"/>
    <property name="user.language" value="en"/>
    <property name="awt.toolkit" value="sun.lwawt.macosx.LWCToolkit"/>
    <property name="java.vm.info" value="mixed mode"/>
    <property name="java.version" value="1.7.0_25"/>
    <property name="java.ext.dirs" value="/Users/nbharadwaj/Library/Java/Extensions:/Library/Java/JavaVirtualMachines/jdk1.7.0_25.jdk/Contents/Home/jre/lib/ext:/Library/Java/Extensions:/Network/Library/Java/Extensions:/System/Library/Java/Extensions:/usr/lib/java"/>
    <property name="sun.boot.class.path" value="/Library/Java/JavaVirtualMachines/jdk1.7.0_25.jdk/Contents/Home/jre/lib/resources.jar:/Library/Java/JavaVirtualMachines/jdk1.7.0_25.jdk/Contents/Home/jre/lib/rt.jar:/Library/Java/JavaVirtualMachines/jdk1.7.0_25.jdk/Contents/Home/jre/lib/sunrsasign.jar:/Library/Java/JavaVirtualMachines/jdk1.7.0_25.jdk/Contents/Home/jre/lib/jsse.jar:/Library/Java/JavaVirtualMachines/jdk1.7.0_25.jdk/Contents/Home/jre/lib/jce.jar:/Library/Java/JavaVirtualMachines/jdk1.7.0_25.jdk/Contents/Home/jre/lib/charsets.jar:/Library/Java/JavaVirtualMachines/jdk1.7.0_25.jdk/Contents/Home/jre/lib/jfr.jar:/Library/Java/JavaVirtualMachines/jdk1.7.0_25.jdk/Contents/Home/jre/lib/JObjC.jar:/Library/Java/JavaVirtualMachines/jdk1.7.0_25.jdk/Contents/Home/jre/classes"/>
    <property name="java.vendor" value="Oracle Corporation"/>
    <property name="maven.home" value="/Users/nbharadwaj/git/TGxD_GTW_API_Testing/EMBEDDED"/>
    <property name="file.separator" value="/"/>
    <property name="java.vendor.url.bug" value="http://bugreport.sun.com/bugreport/"/>
    <property name="sun.cpu.endian" value="little"/>
    <property name="sun.io.unicode.encoding" value="UnicodeBig"/>
    <property name="socksNonProxyHosts" value="local|*.local|169.254/16|*.169.254/16"/>
    <property name="ftp.nonProxyHosts" value="local|*.local|169.254/16|*.169.254/16"/>
    <property name="sun.cpu.isalist" value=""/>
  </properties>
  <testcase name="testServiceId" classname="com.tgxd.gtw.programApi.test.ProgramAiringsTest" time="1.058"/>
  <testcase name="testServiceId" classname="com.tgxd.gtw.programApi.test.ProgramAiringsTest" time="0.612"/>
  <testcase name="testgetStatus" classname="com.tgxd.gtw.programApi.test.ProgramAiringsTest" time="0.602"/>
  <testcase name="testgetStatus" classname="com.tgxd.gtw.programApi.test.ProgramAiringsTest" time="0.56"/>
  <testcase name="testisDataEmpty_N" classname="com.tgxd.gtw.programApi.test.ProgramAiringsTest" time="0.625"/>
  <testcase name="testisDataEmpty_N" classname="com.tgxd.gtw.programApi.test.ProgramAiringsTest" time="0.568"/>
  <testcase name="testProgramId" classname="com.tgxd.gtw.programApi.test.ProgramCastCrewTest" time="0.317"/>
  <testcase name="testProgramId" classname="com.tgxd.gtw.programApi.test.ProgramCastCrewTest" time="0.533"/>
  <testcase name="testgetStatus" classname="com.tgxd.gtw.programApi.test.ProgramCastCrewTest" time="0.315"/>
  <testcase name="testgetStatus" classname="com.tgxd.gtw.programApi.test.ProgramCastCrewTest" time="0.45"/>
  <testcase name="testisDataEmpty_N" classname="com.tgxd.gtw.programApi.test.ProgramCastCrewTest" time="0.325"/>
  <testcase name="testisDataEmpty_N" classname="com.tgxd.gtw.programApi.test.ProgramCastCrewTest" time="0.433"/>
  <testcase name="testProgramId" classname="com.tgxd.gtw.programApi.test.ProgramDetailsTest" time="0.393"/>
  <testcase name="testProgramId" classname="com.tgxd.gtw.programApi.test.ProgramDetailsTest" time="0.366"/>
  <testcase name="testProgramId" classname="com.tgxd.gtw.programApi.test.ProgramDetailsTest" time="0.523"/>
  <testcase name="testgetStatus" classname="com.tgxd.gtw.programApi.test.ProgramDetailsTest" time="0.396"/>
  <testcase name="testgetStatus" classname="com.tgxd.gtw.programApi.test.ProgramDetailsTest" time="0.418"/>
  <testcase name="testgetStatus" classname="com.tgxd.gtw.programApi.test.ProgramDetailsTest" time="0.53"/>
  <testcase name="testisDataEmpty_N" classname="com.tgxd.gtw.programApi.test.ProgramDetailsTest" time="0.339"/>
  <testcase name="testisDataEmpty_N" classname="com.tgxd.gtw.programApi.test.ProgramDetailsTest" time="0.356"/>
  <testcase name="testisDataEmpty_N" classname="com.tgxd.gtw.programApi.test.ProgramDetailsTest" time="0.543"/>
  <testcase name="testgetStatus" classname="com.tgxd.gtw.programApi.test.ProgramGetFilteredProgramTest" time="0.38"/>
  <testcase name="testgetStatus" classname="com.tgxd.gtw.programApi.test.ProgramGetFilteredProgramTest" time="0.384"/>
  <testcase name="testgetStatus" classname="com.tgxd.gtw.programApi.test.ProgramGetFilteredProgramTest" time="0.375"/>
  <testcase name="testisDataEmpty_N" classname="com.tgxd.gtw.programApi.test.ProgramGetFilteredProgramTest" time="0.368"/>
  <testcase name="testisDataEmpty_N" classname="com.tgxd.gtw.programApi.test.ProgramGetFilteredProgramTest" time="0.363"/>
  <testcase name="testisDataEmpty_N" classname="com.tgxd.gtw.programApi.test.ProgramGetFilteredProgramTest" time="0.292"/>
  <testcase name="testServiceId" classname="com.tgxd.gtw.programApi.test.ProgramSimilarTest" time="0.392"/>
  <testcase name="testServiceId" classname="com.tgxd.gtw.programApi.test.ProgramSimilarTest" time="0.82"/>
  <testcase name="testgetStatus" classname="com.tgxd.gtw.programApi.test.ProgramSimilarTest" time="0.404"/>
  <testcase name="testgetStatus" classname="com.tgxd.gtw.programApi.test.ProgramSimilarTest" time="0.404"/>
  <testcase name="testisDataEmpty_N" classname="com.tgxd.gtw.programApi.test.ProgramSimilarTest" time="0.425"/>
  <testcase name="testisDataEmpty_N" classname="com.tgxd.gtw.programApi.test.ProgramSimilarTest" time="0.424"/>
  <testcase name="testgetStatus" classname="com.tgxd.gtw.programApi.test.ProgramGetFavouriteProgramTilesTest" time="0.392"/>
  <testcase name="testgetStatus" classname="com.tgxd.gtw.programApi.test.ProgramGetFavouriteProgramTilesTest" time="0.388"/>
  <testcase name="testisDataEmpty_N" classname="com.tgxd.gtw.programApi.test.ProgramGetFavouriteProgramTilesTest" time="0.363"/>
  <testcase name="testisDataEmpty_N" classname="com.tgxd.gtw.programApi.test.ProgramGetFavouriteProgramTilesTest" time="0.358"/>
  <testcase name="testgetStatus" classname="com.tgxd.gtw.programApi.test.ProgramGetGenreListTest" time="0.296"/>
  <testcase name="testgetStatus" classname="com.tgxd.gtw.programApi.test.ProgramGetGenreListTest" time="0.291"/>
  <testcase name="testisDataEmpty_N" classname="com.tgxd.gtw.programApi.test.ProgramGetGenreListTest" time="0.309"/>
  <testcase name="testisDataEmpty_N" classname="com.tgxd.gtw.programApi.test.ProgramGetGenreListTest" time="0.308"/>
  <testcase name="testgetStatus" classname="com.tgxd.gtw.programApi.test.ProgramRecommendTest" time="0.282"/>
  <testcase name="testgetStatus" classname="com.tgxd.gtw.programApi.test.ProgramRecommendTest" time="0.281"/>
  <testcase name="testisDataEmpty_N" classname="com.tgxd.gtw.programApi.test.ProgramRecommendTest" time="0.266"/>
  <testcase name="testisDataEmpty_N" classname="com.tgxd.gtw.programApi.test.ProgramRecommendTest" time="0.278"/>
  <testcase name="testgetStatus" classname="com.tgxd.gtw.ListingsApi.test.ListingFavouriteChannelThumbnailTest" time="3.882"/>
  <testcase name="testgetStatus" classname="com.tgxd.gtw.ListingsApi.test.ListingFavouriteChannelThumbnailTest" time="3.245"/>
  <testcase name="testisDataEmpty_N" classname="com.tgxd.gtw.ListingsApi.test.ListingFavouriteChannelThumbnailTest" time="1.313"/>
  <testcase name="testisDataEmpty_N" classname="com.tgxd.gtw.ListingsApi.test.ListingFavouriteChannelThumbnailTest" time="4.108"/>
  <testcase name="testgetStatus" classname="com.tgxd.gtw.ListingsApi.test.ListingServiceDetailsTest" time="1.691"/>
  <testcase name="testgetStatus" classname="com.tgxd.gtw.ListingsApi.test.ListingServiceDetailsTest" time="2.947"/>
  <testcase name="testisDataEmpty_N" classname="com.tgxd.gtw.ListingsApi.test.ListingServiceDetailsTest" time="1.043"/>
  <testcase name="testisDataEmpty_N" classname="com.tgxd.gtw.ListingsApi.test.ListingServiceDetailsTest" time="3.145"/>
  <testcase name="testgetStatus" classname="com.tgxd.gtw.ListingsApi.test.ListingsGetChannelLineUpsTest" time="0.285"/>
  <testcase name="testisDataEmpty_N" classname="com.tgxd.gtw.ListingsApi.test.ListingsGetChannelLineUpsTest" time="0.285"/>
  <testcase name="testgetStatus" classname="com.tgxd.gtw.ListingsApi.test.ListingsGetChannelLogoTest" time="0.298"/>
  <testcase name="testgetStatus" classname="com.tgxd.gtw.ListingsApi.test.ListingsGetChannelLogoTest" time="0.279"/>
  <testcase name="testisDataEmpty_N" classname="com.tgxd.gtw.ListingsApi.test.ListingsGetChannelLogoTest" time="0.28"/>
  <testcase name="testisDataEmpty_N" classname="com.tgxd.gtw.ListingsApi.test.ListingsGetChannelLogoTest" time="0.277"/>
  <testcase name="testgetStatus" classname="com.tgxd.gtw.ListingsApi.test.ListingsGetServerUtcInfoTest" time="0.31"/>
  <testcase name="testgetStatus" classname="com.tgxd.gtw.ListingsApi.test.ListingsGetServerUtcInfoTest" time="0.264"/>
  <testcase name="testisDataEmpty_N" classname="com.tgxd.gtw.ListingsApi.test.ListingsGetServerUtcInfoTest" time="0.265"/>
  <testcase name="testisDataEmpty_N" classname="com.tgxd.gtw.ListingsApi.test.ListingsGetServerUtcInfoTest" time="0.267"/>
  <testcase name="testQueryValueNotPresentInResults_N" classname="com.tgxd.gtw.SearchApi.test.SearchAutoSuggestTest" time="0.281"/>
  <testcase name="testQueryValueNotPresentInResults_N" classname="com.tgxd.gtw.SearchApi.test.SearchAutoSuggestTest" time="0.277"/>
  <testcase name="testgetStatus" classname="com.tgxd.gtw.SearchApi.test.SearchAutoSuggestTest" time="0.276"/>
  <testcase name="testgetStatus" classname="com.tgxd.gtw.SearchApi.test.SearchAutoSuggestTest" time="0.282"/>
  <testcase name="testisDataEmpty_N" classname="com.tgxd.gtw.SearchApi.test.SearchAutoSuggestTest" time="0.276"/>
  <testcase name="testisDataEmpty_N" classname="com.tgxd.gtw.SearchApi.test.SearchAutoSuggestTest" time="0.299"/>
  <testcase name="testgetStatus" classname="com.tgxd.gtw.SearchApi.test.SearchProgramInfoTest" time="0.86"/>
  <testcase name="testgetStatus" classname="com.tgxd.gtw.SearchApi.test.SearchProgramInfoTest" time="0.847"/>
  <testcase name="testisDataEmpty_N" classname="com.tgxd.gtw.SearchApi.test.SearchProgramInfoTest" time="0.894"/>
  <testcase name="testisDataEmpty_N" classname="com.tgxd.gtw.SearchApi.test.SearchProgramInfoTest" time="0.751"/>
  <testcase name="testgetStatus" classname="com.tgxd.gtw.SearchApi.test.SearchResultsTest" time="1.163"/>
  <testcase name="testgetStatus" classname="com.tgxd.gtw.SearchApi.test.SearchResultsTest" time="1"/>
  <testcase name="testisDataEmpty_N" classname="com.tgxd.gtw.SearchApi.test.SearchResultsTest" time="0.753"/>
  <testcase name="testisDataEmpty_N" classname="com.tgxd.gtw.SearchApi.test.SearchResultsTest" time="0.947"/>
  <testcase name="testgetStatus" classname="com.tgxd.gtw.AdminApi.test.AdminGetAllMSOProfileTest" time="0.3"/>
  <testcase name="testgetStatus" classname="com.tgxd.gtw.AdminApi.test.AdminGetAllMSOProfileTest" time="0.301"/>
  <testcase name="testgetStatus" classname="com.tgxd.gtw.AdminApi.test.AdminGetAllMSOProfileTest" time="0.29"/>
  <testcase name="testgetStatus" classname="com.tgxd.gtw.AdminApi.test.AdminGetAllMSOProfileTest" time="0.294"/>
  <testcase name="testisDataEmpty_N" classname="com.tgxd.gtw.AdminApi.test.AdminGetAllMSOProfileTest" time="0.31"/>
  <testcase name="testisDataEmpty_N" classname="com.tgxd.gtw.AdminApi.test.AdminGetAllMSOProfileTest" time="0.302"/>
  <testcase name="testisDataEmpty_N" classname="com.tgxd.gtw.AdminApi.test.AdminGetAllMSOProfileTest" time="0.299"/>
  <testcase name="testisDataEmpty_N" classname="com.tgxd.gtw.AdminApi.test.AdminGetAllMSOProfileTest" time="0.307"/>
  <testcase name="testgetStatus" classname="com.tgxd.gtw.AdminApi.test.AdminGetMSOAppConfigTest" time="0.349"/>
  <testcase name="testgetStatus" classname="com.tgxd.gtw.AdminApi.test.AdminGetMSOAppConfigTest" time="0.379"/>
  <testcase name="testgetStatus" classname="com.tgxd.gtw.AdminApi.test.AdminGetMSOAppConfigTest" time="0.357"/>
  <testcase name="testisDataEmpty_N" classname="com.tgxd.gtw.AdminApi.test.AdminGetMSOAppConfigTest" time="0.353"/>
  <testcase name="testisDataEmpty_N" classname="com.tgxd.gtw.AdminApi.test.AdminGetMSOAppConfigTest" time="0.354"/>
  <testcase name="testisDataEmpty_N" classname="com.tgxd.gtw.AdminApi.test.AdminGetMSOAppConfigTest" time="0.368"/>
  <testcase name="testNotNullFieldsforChannel_N" classname="com.tgxd.gtw.serviceApi.test.GetScheduleTest" time="2.987"/>
  <testcase name="testNotNullFieldsforChannel_N" classname="com.tgxd.gtw.serviceApi.test.GetScheduleTest" time="0.369"/>
  <testcase name="testgetStatus" classname="com.tgxd.gtw.serviceApi.test.GetScheduleTest" time="2.391"/>
  <testcase name="testgetStatus" classname="com.tgxd.gtw.serviceApi.test.GetScheduleTest" time="0.338"/>
  <testcase name="testisDataEmpty_N" classname="com.tgxd.gtw.serviceApi.test.GetScheduleTest" time="4.076"/>
  <testcase name="testisDataEmpty_N" classname="com.tgxd.gtw.serviceApi.test.GetScheduleTest" time="0.344"/>
  <testcase name="testNotNullFieldsforChannel_N" classname="com.tgxd.gtw.serviceApi.test.GetSourceScheduleTest" time="2.159"/>
  <testcase name="testNotNullFieldsforChannel_N" classname="com.tgxd.gtw.serviceApi.test.GetSourceScheduleTest" time="0.342"/>
  <testcase name="testgetStatus" classname="com.tgxd.gtw.serviceApi.test.GetSourceScheduleTest" time="1.933"/>
  <testcase name="testgetStatus" classname="com.tgxd.gtw.serviceApi.test.GetSourceScheduleTest" time="0.343"/>
  <testcase name="testisDataEmpty_N" classname="com.tgxd.gtw.serviceApi.test.GetSourceScheduleTest" time="2.209"/>
  <testcase name="testisDataEmpty_N" classname="com.tgxd.gtw.serviceApi.test.GetSourceScheduleTest" time="0.34"/>
  <testcase name="testgetStatus" classname="com.tgxd.gtw.accountApi.test.AccountAuthenticateTest" time="2.815"/>
  <testcase name="testgetStatus" classname="com.tgxd.gtw.accountApi.test.AccountAuthenticateTest" time="0.339"/>
  <testcase name="testNotNullFieldsforChannel_N" classname="com.tgxd.gtw.accountApi.test.AccountCreateTest" time="0.564"/>
</testsuite>