<?xml version="1.0" encoding="UTF-8"?>
<!-- Generated by org.testng.reporters.JUnitReportReporter -->
<testsuite hostname="mum-1nbharad-m.local" name="com.tgxd.gtw.ListingsApi.test.ListingFavouriteChannelThumbnailTest" tests="4" failures="0" timestamp="6 Aug 2014 09:17:06 GMT" time="12.548" errors="0">
  <testcase name="testgetStatus" time="3.882" classname="com.tgxd.gtw.ListingsApi.test.ListingFavouriteChannelThumbnailTest"/>
  <testcase name="testgetStatus" time="3.245" classname="com.tgxd.gtw.ListingsApi.test.ListingFavouriteChannelThumbnailTest"/>
  <testcase name="testisDataEmpty_N" time="1.313" classname="com.tgxd.gtw.ListingsApi.test.ListingFavouriteChannelThumbnailTest"/>
  <testcase name="testisDataEmpty_N" time="4.108" classname="com.tgxd.gtw.ListingsApi.test.ListingFavouriteChannelThumbnailTest"/>
</testsuite>
