<?xml version="1.0" encoding="UTF-8"?>
<!-- Generated by org.testng.reporters.JUnitReportReporter -->
<testsuite hostname="mum-1nbharad-m.local" name="com.tgxd.gtw.AdminApi.test.AdminGetMSOAppConfigTest" tests="6" failures="0" timestamp="6 Aug 2014 09:17:06 GMT" time="2.159" errors="0">
  <testcase name="testisDataEmpty_N" time="0.354" classname="com.tgxd.gtw.AdminApi.test.AdminGetMSOAppConfigTest"/>
  <testcase name="testgetStatus" time="0.379" classname="com.tgxd.gtw.AdminApi.test.AdminGetMSOAppConfigTest"/>
  <testcase name="testgetStatus" time="0.349" classname="com.tgxd.gtw.AdminApi.test.AdminGetMSOAppConfigTest"/>
  <testcase name="testisDataEmpty_N" time="0.368" classname="com.tgxd.gtw.AdminApi.test.AdminGetMSOAppConfigTest"/>
  <testcase name="testisDataEmpty_N" time="0.353" classname="com.tgxd.gtw.AdminApi.test.AdminGetMSOAppConfigTest"/>
  <testcase name="testgetStatus" time="0.356" classname="com.tgxd.gtw.AdminApi.test.AdminGetMSOAppConfigTest"/>
</testsuite>
