<?xml version="1.0" encoding="UTF-8"?>
<!-- Generated by org.testng.reporters.JUnitReportReporter -->
<testsuite hostname="mum-1nbharad-m.local" name="com.tgxd.gtw.ListingsApi.test.ListingServiceDetailsTest" tests="4" failures="0" timestamp="6 Aug 2014 09:17:06 GMT" time="8.826" errors="0">
  <testcase name="testisDataEmpty_N" time="3.145" classname="com.tgxd.gtw.ListingsApi.test.ListingServiceDetailsTest"/>
  <testcase name="testgetStatus" time="1.691" classname="com.tgxd.gtw.ListingsApi.test.ListingServiceDetailsTest"/>
  <testcase name="testgetStatus" time="2.947" classname="com.tgxd.gtw.ListingsApi.test.ListingServiceDetailsTest"/>
  <testcase name="testisDataEmpty_N" time="1.043" classname="com.tgxd.gtw.ListingsApi.test.ListingServiceDetailsTest"/>
</testsuite>
