<?xml version="1.0" encoding="UTF-8"?>
<!-- Generated by org.testng.reporters.JUnitReportReporter -->
<testsuite hostname="mum-1nbharad-m.local" name="com.tgxd.gtw.ListingsApi.test.ListingsGetChannelLogoTest" tests="4" failures="0" timestamp="28 Jul 2014 07:09:48 GMT" time="1.251" errors="0">
  <testcase name="testisDataEmpty_N" time="0.354" classname="com.tgxd.gtw.ListingsApi.test.ListingsGetChannelLogoTest"/>
  <testcase name="testgetStatus" time="0.313" classname="com.tgxd.gtw.ListingsApi.test.ListingsGetChannelLogoTest"/>
  <testcase name="testisDataEmpty_N" time="0.271" classname="com.tgxd.gtw.ListingsApi.test.ListingsGetChannelLogoTest"/>
  <testcase name="testgetStatus" time="0.313" classname="com.tgxd.gtw.ListingsApi.test.ListingsGetChannelLogoTest"/>
</testsuite>
