<?xml version="1.0" encoding="UTF-8"?>
<!-- Generated by org.testng.reporters.JUnitReportReporter -->
<testsuite hostname="mum-1nbharad-m.local" name="com.tgxd.gtw.programApi.test.ProgramGetFavouriteProgramTilesTest" tests="4" failures="0" timestamp="28 Jul 2014 07:09:48 GMT" time="1.463" errors="0">
  <testcase name="testgetStatus" time="0.360" classname="com.tgxd.gtw.programApi.test.ProgramGetFavouriteProgramTilesTest"/>
  <testcase name="testisDataEmpty_N" time="0.413" classname="com.tgxd.gtw.programApi.test.ProgramGetFavouriteProgramTilesTest"/>
  <testcase name="testgetStatus" time="0.352" classname="com.tgxd.gtw.programApi.test.ProgramGetFavouriteProgramTilesTest"/>
  <testcase name="testisDataEmpty_N" time="0.338" classname="com.tgxd.gtw.programApi.test.ProgramGetFavouriteProgramTilesTest"/>
</testsuite>
