<?xml version="1.0" encoding="UTF-8"?>
<!-- Generated by org.testng.reporters.JUnitReportReporter -->
<testsuite hostname="mum-1nbharad-m.local" name="com.tgxd.gtw.nameApi.test.CreditsTest" tests="6" failures="0" timestamp="28 Jul 2014 07:09:48 GMT" time="3.343" errors="0">
  <testcase name="testisDataEmpty_N" time="0.508" classname="com.tgxd.gtw.nameApi.test.CreditsTest"/>
  <testcase name="testgetStatus" time="0.473" classname="com.tgxd.gtw.nameApi.test.CreditsTest"/>
  <testcase name="testgetStatus" time="0.637" classname="com.tgxd.gtw.nameApi.test.CreditsTest"/>
  <testcase name="testisDataEmpty_N" time="0.430" classname="com.tgxd.gtw.nameApi.test.CreditsTest"/>
  <testcase name="testServiceIDInURLs" time="0.631" classname="com.tgxd.gtw.nameApi.test.CreditsTest"/>
  <testcase name="testServiceIDInURLs" time="0.664" classname="com.tgxd.gtw.nameApi.test.CreditsTest"/>
</testsuite>
