<?xml version="1.0" encoding="UTF-8"?>
<!-- Generated by org.testng.reporters.JUnitReportReporter -->
<testsuite hostname="mum-1nbharad-m.local" name="com.tgxd.gtw.accountApi.test.AccountAuthenticateTest" tests="2" failures="0" timestamp="6 Aug 2014 09:17:06 GMT" time="3.154" errors="0">
  <testcase name="testgetStatus" time="2.815" classname="com.tgxd.gtw.accountApi.test.AccountAuthenticateTest"/>
  <testcase name="testgetStatus" time="0.339" classname="com.tgxd.gtw.accountApi.test.AccountAuthenticateTest"/>
</testsuite>
