<?xml version="1.0" encoding="UTF-8"?>
<!-- Generated by org.testng.reporters.JUnitReportReporter -->
<testsuite hostname="mum-1nbharad-m.local" name="com.tgxd.gtw.programApi.test.ProgramRecommendTest" tests="4" failures="0" timestamp="6 Aug 2014 09:17:06 GMT" time="1.106" errors="0">
  <testcase name="testisDataEmpty_N" time="0.278" classname="com.tgxd.gtw.programApi.test.ProgramRecommendTest"/>
  <testcase name="testgetStatus" time="0.282" classname="com.tgxd.gtw.programApi.test.ProgramRecommendTest"/>
  <testcase name="testgetStatus" time="0.281" classname="com.tgxd.gtw.programApi.test.ProgramRecommendTest"/>
  <testcase name="testisDataEmpty_N" time="0.265" classname="com.tgxd.gtw.programApi.test.ProgramRecommendTest"/>
</testsuite>
