<?xml version="1.0" encoding="UTF-8"?>
<!-- Generated by org.testng.reporters.JUnitReportReporter -->
<testsuite hostname="mum-1nbharad-m.local" name="com.tgxd.gtw.SearchApi.test.SearchAutoSuggestTest" tests="6" failures="0" timestamp="6 Aug 2014 09:17:06 GMT" time="1.692" errors="0">
  <testcase name="testisDataEmpty_N" time="0.276" classname="com.tgxd.gtw.SearchApi.test.SearchAutoSuggestTest"/>
  <testcase name="testgetStatus" time="0.283" classname="com.tgxd.gtw.SearchApi.test.SearchAutoSuggestTest"/>
  <testcase name="testisDataEmpty_N" time="0.299" classname="com.tgxd.gtw.SearchApi.test.SearchAutoSuggestTest"/>
  <testcase name="testQueryValueNotPresentInResults_N" time="0.281" classname="com.tgxd.gtw.SearchApi.test.SearchAutoSuggestTest"/>
  <testcase name="testgetStatus" time="0.276" classname="com.tgxd.gtw.SearchApi.test.SearchAutoSuggestTest"/>
  <testcase name="testQueryValueNotPresentInResults_N" time="0.277" classname="com.tgxd.gtw.SearchApi.test.SearchAutoSuggestTest"/>
</testsuite>
