<?xml version="1.0" encoding="UTF-8"?>
<!-- Generated by org.testng.reporters.JUnitReportReporter -->
<testsuite hostname="mum-1nbharad-m.local" name="com.tgxd.gtw.ListingsApi.test.ListingsGetChannelLineUpsTest" tests="2" failures="0" timestamp="6 Aug 2014 09:17:06 GMT" time="0.570" errors="0">
  <testcase name="testgetStatus" time="0.285" classname="com.tgxd.gtw.ListingsApi.test.ListingsGetChannelLineUpsTest"/>
  <testcase name="testisDataEmpty_N" time="0.285" classname="com.tgxd.gtw.ListingsApi.test.ListingsGetChannelLineUpsTest"/>
</testsuite>
