<?xml version="1.0" encoding="UTF-8"?>
<!-- Generated by org.testng.reporters.JUnitReportReporter -->
<testsuite hostname="mum-1nbharad-m.local" name="com.tgxd.gtw.programApi.test.ProgramGetGenreListTest" tests="4" failures="0" timestamp="28 Jul 2014 07:09:48 GMT" time="1.263" errors="0">
  <testcase name="testisDataEmpty_N" time="0.280" classname="com.tgxd.gtw.programApi.test.ProgramGetGenreListTest"/>
  <testcase name="testgetStatus" time="0.357" classname="com.tgxd.gtw.programApi.test.ProgramGetGenreListTest"/>
  <testcase name="testgetStatus" time="0.292" classname="com.tgxd.gtw.programApi.test.ProgramGetGenreListTest"/>
  <testcase name="testisDataEmpty_N" time="0.334" classname="com.tgxd.gtw.programApi.test.ProgramGetGenreListTest"/>
</testsuite>
