<?xml version="1.0" encoding="UTF-8"?>
<!-- Generated by org.testng.reporters.JUnitReportReporter -->
<testsuite hostname="mum-1nbharad-m.local" name="com.tgxd.gtw.ListingsApi.test.ListingFavouriteChannelThumbnailTest" tests="4" failures="0" timestamp="28 Jul 2014 07:09:48 GMT" time="3.651" errors="0">
  <testcase name="testgetStatus" time="1.199" classname="com.tgxd.gtw.ListingsApi.test.ListingFavouriteChannelThumbnailTest"/>
  <testcase name="testisDataEmpty_N" time="0.626" classname="com.tgxd.gtw.ListingsApi.test.ListingFavouriteChannelThumbnailTest"/>
  <testcase name="testgetStatus" time="1.200" classname="com.tgxd.gtw.ListingsApi.test.ListingFavouriteChannelThumbnailTest"/>
  <testcase name="testisDataEmpty_N" time="0.626" classname="com.tgxd.gtw.ListingsApi.test.ListingFavouriteChannelThumbnailTest"/>
</testsuite>
