<?xml version="1.0" encoding="UTF-8"?>
<!-- Generated by org.testng.reporters.JUnitReportReporter -->
<testsuite hostname="mum-1nbharad-m.local" name="com.tgxd.gtw.ListingsApi.test.ListingsGetChannelLogoTest" tests="4" failures="0" timestamp="6 Aug 2014 09:17:06 GMT" time="1.133" errors="0">
  <testcase name="testisDataEmpty_N" time="0.277" classname="com.tgxd.gtw.ListingsApi.test.ListingsGetChannelLogoTest"/>
  <testcase name="testisDataEmpty_N" time="0.280" classname="com.tgxd.gtw.ListingsApi.test.ListingsGetChannelLogoTest"/>
  <testcase name="testgetStatus" time="0.297" classname="com.tgxd.gtw.ListingsApi.test.ListingsGetChannelLogoTest"/>
  <testcase name="testgetStatus" time="0.279" classname="com.tgxd.gtw.ListingsApi.test.ListingsGetChannelLogoTest"/>
</testsuite>
