<?xml version="1.0" encoding="UTF-8"?>
<!-- Generated by org.testng.reporters.JUnitReportReporter -->
<testsuite hostname="mum-1nbharad-m.local" name="com.tgxd.gtw.programApi.test.ProgramCastCrewTest" tests="6" failures="0" timestamp="28 Jul 2014 07:09:48 GMT" time="2.218" errors="0">
  <testcase name="testisDataEmpty_N" time="0.427" classname="com.tgxd.gtw.programApi.test.ProgramCastCrewTest"/>
  <testcase name="testProgramId" time="0.479" classname="com.tgxd.gtw.programApi.test.ProgramCastCrewTest"/>
  <testcase name="testgetStatus" time="0.303" classname="com.tgxd.gtw.programApi.test.ProgramCastCrewTest"/>
  <testcase name="testgetStatus" time="0.388" classname="com.tgxd.gtw.programApi.test.ProgramCastCrewTest"/>
  <testcase name="testProgramId" time="0.303" classname="com.tgxd.gtw.programApi.test.ProgramCastCrewTest"/>
  <testcase name="testisDataEmpty_N" time="0.318" classname="com.tgxd.gtw.programApi.test.ProgramCastCrewTest"/>
</testsuite>
