<?xml version="1.0" encoding="UTF-8"?>
<!-- Generated by org.testng.reporters.JUnitReportReporter -->
<testsuite hostname="mum-1ssehgal-m.local" name="com.tgxd.gtw.nameApi.test.AiringsTest" tests="4" failures="0" timestamp="7 Jul 2014 08:22:03 GMT" time="2.045" errors="0">
  <testcase name="testisDataEmpty_N" time="0.386" classname="com.tgxd.gtw.nameApi.test.AiringsTest"/>
  <testcase name="testgetStatus" time="0.405" classname="com.tgxd.gtw.nameApi.test.AiringsTest"/>
  <testcase name="testgetStatus" time="0.940" classname="com.tgxd.gtw.nameApi.test.AiringsTest"/>
  <testcase name="testisDataEmpty_N" time="0.314" classname="com.tgxd.gtw.nameApi.test.AiringsTest"/>
</testsuite>
