<?xml version="1.0" encoding="UTF-8"?>
<!-- Generated by org.testng.reporters.JUnitReportReporter -->
<testsuite hostname="mum-1nbharad-m.local" name="com.tgxd.gtw.programApi.test.ProgramSimilarTest" tests="6" failures="0" timestamp="6 Aug 2014 09:17:06 GMT" time="2.871" errors="0">
  <testcase name="testServiceId" time="0.820" classname="com.tgxd.gtw.programApi.test.ProgramSimilarTest"/>
  <testcase name="testgetStatus" time="0.405" classname="com.tgxd.gtw.programApi.test.ProgramSimilarTest"/>
  <testcase name="testisDataEmpty_N" time="0.424" classname="com.tgxd.gtw.programApi.test.ProgramSimilarTest"/>
  <testcase name="testisDataEmpty_N" time="0.425" classname="com.tgxd.gtw.programApi.test.ProgramSimilarTest"/>
  <testcase name="testgetStatus" time="0.405" classname="com.tgxd.gtw.programApi.test.ProgramSimilarTest"/>
  <testcase name="testServiceId" time="0.392" classname="com.tgxd.gtw.programApi.test.ProgramSimilarTest"/>
</testsuite>
