<?xml version="1.0" encoding="UTF-8"?>
<!-- Generated by org.testng.reporters.JUnitReportReporter -->
<testsuite hostname="mum-1nbharad-m.local" name="com.tgxd.gtw.programApi.test.ProgramSimilarTest" tests="6" failures="0" timestamp="28 Jul 2014 07:09:47 GMT" time="2.665" errors="0">
  <testcase name="testisDataEmpty_N" time="0.422" classname="com.tgxd.gtw.programApi.test.ProgramSimilarTest"/>
  <testcase name="testServiceId" time="0.479" classname="com.tgxd.gtw.programApi.test.ProgramSimilarTest"/>
  <testcase name="testServiceId" time="0.538" classname="com.tgxd.gtw.programApi.test.ProgramSimilarTest"/>
  <testcase name="testisDataEmpty_N" time="0.408" classname="com.tgxd.gtw.programApi.test.ProgramSimilarTest"/>
  <testcase name="testgetStatus" time="0.390" classname="com.tgxd.gtw.programApi.test.ProgramSimilarTest"/>
  <testcase name="testgetStatus" time="0.428" classname="com.tgxd.gtw.programApi.test.ProgramSimilarTest"/>
</testsuite>
