<?xml version="1.0" encoding="UTF-8"?>
<!-- Generated by org.testng.reporters.JUnitReportReporter -->
<testsuite hostname="mum-1nbharad-m.local" name="com.tgxd.gtw.programApi.test.ProgramGetGenreListTest" tests="4" failures="0" timestamp="6 Aug 2014 09:17:06 GMT" time="1.202" errors="0">
  <testcase name="testisDataEmpty_N" time="0.307" classname="com.tgxd.gtw.programApi.test.ProgramGetGenreListTest"/>
  <testcase name="testisDataEmpty_N" time="0.309" classname="com.tgxd.gtw.programApi.test.ProgramGetGenreListTest"/>
  <testcase name="testgetStatus" time="0.295" classname="com.tgxd.gtw.programApi.test.ProgramGetGenreListTest"/>
  <testcase name="testgetStatus" time="0.291" classname="com.tgxd.gtw.programApi.test.ProgramGetGenreListTest"/>
</testsuite>
