<?xml version="1.0" encoding="UTF-8"?>
<!-- Generated by org.testng.reporters.JUnitReportReporter -->
<testsuite hostname="mum-1nbharad-m.local" name="com.tgxd.gtw.nameApi.test.NameTest" tests="6" failures="0" timestamp="28 Jul 2014 07:09:47 GMT" time="5.022" errors="0">
  <testcase name="testisDataEmpty_N" time="1.165" classname="com.tgxd.gtw.nameApi.test.NameTest"/>
  <testcase name="testgetStatus" time="0.691" classname="com.tgxd.gtw.nameApi.test.NameTest"/>
  <testcase name="testServiceIDPresentInURL" time="0.911" classname="com.tgxd.gtw.nameApi.test.NameTest"/>
  <testcase name="testisDataEmpty_N" time="0.687" classname="com.tgxd.gtw.nameApi.test.NameTest"/>
  <testcase name="testServiceIDPresentInURL" time="0.731" classname="com.tgxd.gtw.nameApi.test.NameTest"/>
  <testcase name="testgetStatus" time="0.837" classname="com.tgxd.gtw.nameApi.test.NameTest"/>
</testsuite>
