<?xml version="1.0" encoding="UTF-8"?>
<!-- Generated by org.testng.reporters.JUnitReportReporter -->
<testsuite hostname="mum-1nbharad-m.local" name="com.tgxd.gtw.serviceApi.test.GetScheduleTest" tests="6" failures="0" timestamp="6 Aug 2014 09:17:06 GMT" time="10.506" errors="0">
  <testcase name="testisDataEmpty_N" time="0.344" classname="com.tgxd.gtw.serviceApi.test.GetScheduleTest"/>
  <testcase name="testNotNullFieldsforChannel_N" time="0.369" classname="com.tgxd.gtw.serviceApi.test.GetScheduleTest"/>
  <testcase name="testgetStatus" time="2.391" classname="com.tgxd.gtw.serviceApi.test.GetScheduleTest"/>
  <testcase name="testNotNullFieldsforChannel_N" time="2.988" classname="com.tgxd.gtw.serviceApi.test.GetScheduleTest"/>
  <testcase name="testisDataEmpty_N" time="4.076" classname="com.tgxd.gtw.serviceApi.test.GetScheduleTest"/>
  <testcase name="testgetStatus" time="0.338" classname="com.tgxd.gtw.serviceApi.test.GetScheduleTest"/>
</testsuite>
