<?xml version="1.0" encoding="UTF-8"?>
<!-- Generated by org.testng.reporters.JUnitReportReporter -->
<testsuite hostname="mum-1nbharad-m.local" name="com.tgxd.gtw.ListingsApi.test.ListingsGetServerUtcInfoTest" tests="4" failures="0" timestamp="28 Jul 2014 07:09:48 GMT" time="1.097" errors="0">
  <testcase name="testisDataEmpty_N" time="0.263" classname="com.tgxd.gtw.ListingsApi.test.ListingsGetServerUtcInfoTest"/>
  <testcase name="testgetStatus" time="0.261" classname="com.tgxd.gtw.ListingsApi.test.ListingsGetServerUtcInfoTest"/>
  <testcase name="testgetStatus" time="0.313" classname="com.tgxd.gtw.ListingsApi.test.ListingsGetServerUtcInfoTest"/>
  <testcase name="testisDataEmpty_N" time="0.260" classname="com.tgxd.gtw.ListingsApi.test.ListingsGetServerUtcInfoTest"/>
</testsuite>
