<?xml version="1.0" encoding="UTF-8"?>
<!-- Generated by org.testng.reporters.JUnitReportReporter -->
<testsuite hostname="mum-1nbharad-m.local" name="com.tgxd.gtw.programApi.test.ProgramAiringsTest" tests="6" failures="0" timestamp="28 Jul 2014 07:09:48 GMT" time="4.207" errors="0">
  <testcase name="testServiceId" time="0.974" classname="com.tgxd.gtw.programApi.test.ProgramAiringsTest"/>
  <testcase name="testgetStatus" time="0.624" classname="com.tgxd.gtw.programApi.test.ProgramAiringsTest"/>
  <testcase name="testgetStatus" time="0.730" classname="com.tgxd.gtw.programApi.test.ProgramAiringsTest"/>
  <testcase name="testisDataEmpty_N" time="0.626" classname="com.tgxd.gtw.programApi.test.ProgramAiringsTest"/>
  <testcase name="testisDataEmpty_N" time="0.626" classname="com.tgxd.gtw.programApi.test.ProgramAiringsTest"/>
  <testcase name="testServiceId" time="0.627" classname="com.tgxd.gtw.programApi.test.ProgramAiringsTest"/>
</testsuite>
