<?xml version="1.0" encoding="UTF-8"?>
<!-- Generated by org.testng.reporters.JUnitReportReporter -->
<testsuite hostname="mum-1nbharad-m.local" name="com.tgxd.gtw.ListingsApi.test.ListingsGetChannelLineUpsTest" tests="2" failures="0" timestamp="28 Jul 2014 07:09:48 GMT" time="0.673" errors="0">
  <testcase name="testisDataEmpty_N" time="0.374" classname="com.tgxd.gtw.ListingsApi.test.ListingsGetChannelLineUpsTest"/>
  <testcase name="testgetStatus" time="0.299" classname="com.tgxd.gtw.ListingsApi.test.ListingsGetChannelLineUpsTest"/>
</testsuite>
