<?xml version="1.0" encoding="UTF-8"?>
<!-- Generated by org.testng.reporters.JUnitReportReporter -->
<testsuite hostname="mum-1nbharad-m.local" name="com.tgxd.gtw.ListingsApi.test.ListingsGetServerUtcInfoTest" tests="4" failures="0" timestamp="6 Aug 2014 09:17:06 GMT" time="1.108" errors="0">
  <testcase name="testgetStatus" time="0.311" classname="com.tgxd.gtw.ListingsApi.test.ListingsGetServerUtcInfoTest"/>
  <testcase name="testgetStatus" time="0.264" classname="com.tgxd.gtw.ListingsApi.test.ListingsGetServerUtcInfoTest"/>
  <testcase name="testisDataEmpty_N" time="0.265" classname="com.tgxd.gtw.ListingsApi.test.ListingsGetServerUtcInfoTest"/>
  <testcase name="testisDataEmpty_N" time="0.268" classname="com.tgxd.gtw.ListingsApi.test.ListingsGetServerUtcInfoTest"/>
</testsuite>
