<?xml version="1.0" encoding="UTF-8"?>
<!-- Generated by org.testng.reporters.JUnitReportReporter -->
<testsuite hostname="mum-1nbharad-m.local" name="com.tgxd.gtw.nameApi.test.GetFavouritesTest" tests="6" failures="0" timestamp="28 Jul 2014 07:09:48 GMT" time="4.225" errors="0">
  <testcase name="testServiceID" time="0.702" classname="com.tgxd.gtw.nameApi.test.GetFavouritesTest"/>
  <testcase name="testisDataEmpty_N" time="0.731" classname="com.tgxd.gtw.nameApi.test.GetFavouritesTest"/>
  <testcase name="testisDataEmpty_N" time="0.704" classname="com.tgxd.gtw.nameApi.test.GetFavouritesTest"/>
  <testcase name="testgetStatus" time="0.773" classname="com.tgxd.gtw.nameApi.test.GetFavouritesTest"/>
  <testcase name="testgetStatus" time="0.709" classname="com.tgxd.gtw.nameApi.test.GetFavouritesTest"/>
  <testcase name="testServiceID" time="0.606" classname="com.tgxd.gtw.nameApi.test.GetFavouritesTest"/>
</testsuite>
