<?xml version="1.0" encoding="UTF-8"?>
<!-- Generated by org.testng.reporters.JUnitReportReporter -->
<testsuite hostname="mum-1nbharad-m.local" name="com.tgxd.gtw.SearchApi.test.SearchResultsTest" tests="4" failures="0" timestamp="6 Aug 2014 09:17:06 GMT" time="3.863" errors="0">
  <testcase name="testisDataEmpty_N" time="0.947" classname="com.tgxd.gtw.SearchApi.test.SearchResultsTest"/>
  <testcase name="testisDataEmpty_N" time="0.753" classname="com.tgxd.gtw.SearchApi.test.SearchResultsTest"/>
  <testcase name="testgetStatus" time="1.000" classname="com.tgxd.gtw.SearchApi.test.SearchResultsTest"/>
  <testcase name="testgetStatus" time="1.163" classname="com.tgxd.gtw.SearchApi.test.SearchResultsTest"/>
</testsuite>
