<?xml version="1.0" encoding="UTF-8"?>
<!-- Generated by org.testng.reporters.JUnitReportReporter -->
<testsuite hostname="mum-1nbharad-m.local" name="com.tgxd.gtw.serviceApi.test.GetSourceScheduleTest" tests="6" failures="0" timestamp="6 Aug 2014 09:17:06 GMT" time="7.327" errors="0">
  <testcase name="testNotNullFieldsforChannel_N" time="0.342" classname="com.tgxd.gtw.serviceApi.test.GetSourceScheduleTest"/>
  <testcase name="testgetStatus" time="0.343" classname="com.tgxd.gtw.serviceApi.test.GetSourceScheduleTest"/>
  <testcase name="testisDataEmpty_N" time="0.340" classname="com.tgxd.gtw.serviceApi.test.GetSourceScheduleTest"/>
  <testcase name="testgetStatus" time="1.933" classname="com.tgxd.gtw.serviceApi.test.GetSourceScheduleTest"/>
  <testcase name="testisDataEmpty_N" time="2.210" classname="com.tgxd.gtw.serviceApi.test.GetSourceScheduleTest"/>
  <testcase name="testNotNullFieldsforChannel_N" time="2.159" classname="com.tgxd.gtw.serviceApi.test.GetSourceScheduleTest"/>
</testsuite>
