<?xml version="1.0" encoding="UTF-8"?>
<!-- Generated by org.testng.reporters.JUnitReportReporter -->
<testsuite hostname="mum-1nbharad-m.local" name="com.tgxd.gtw.programApi.test.ProgramGetFilteredProgramTest" tests="6" failures="0" timestamp="6 Aug 2014 09:17:06 GMT" time="2.162" errors="0">
  <testcase name="testgetStatus" time="0.381" classname="com.tgxd.gtw.programApi.test.ProgramGetFilteredProgramTest"/>
  <testcase name="testgetStatus" time="0.384" classname="com.tgxd.gtw.programApi.test.ProgramGetFilteredProgramTest"/>
  <testcase name="testisDataEmpty_N" time="0.363" classname="com.tgxd.gtw.programApi.test.ProgramGetFilteredProgramTest"/>
  <testcase name="testgetStatus" time="0.374" classname="com.tgxd.gtw.programApi.test.ProgramGetFilteredProgramTest"/>
  <testcase name="testisDataEmpty_N" time="0.292" classname="com.tgxd.gtw.programApi.test.ProgramGetFilteredProgramTest"/>
  <testcase name="testisDataEmpty_N" time="0.368" classname="com.tgxd.gtw.programApi.test.ProgramGetFilteredProgramTest"/>
</testsuite>
