<?xml version="1.0" encoding="UTF-8"?>
<!-- Generated by org.testng.reporters.JUnitReportReporter -->
<testsuite hostname="mum-1nbharad-m.local" name="com.tgxd.gtw.programApi.test.ProgramRecommendTest" tests="4" failures="0" timestamp="28 Jul 2014 07:09:47 GMT" time="1.058" errors="0">
  <testcase name="testgetStatus" time="0.271" classname="com.tgxd.gtw.programApi.test.ProgramRecommendTest"/>
  <testcase name="testisDataEmpty_N" time="0.260" classname="com.tgxd.gtw.programApi.test.ProgramRecommendTest"/>
  <testcase name="testisDataEmpty_N" time="0.263" classname="com.tgxd.gtw.programApi.test.ProgramRecommendTest"/>
  <testcase name="testgetStatus" time="0.264" classname="com.tgxd.gtw.programApi.test.ProgramRecommendTest"/>
</testsuite>
