<?xml version="1.0" encoding="UTF-8"?>
<!-- Generated by org.testng.reporters.JUnitReportReporter -->
<testsuite hostname="mum-1nbharad-m.local" name="com.tgxd.gtw.programApi.test.ProgramGetFilteredProgramTest" tests="6" failures="0" timestamp="28 Jul 2014 07:09:48 GMT" time="1.877" errors="0">
  <testcase name="testisDataEmpty_N" time="0.394" classname="com.tgxd.gtw.programApi.test.ProgramGetFilteredProgramTest"/>
  <testcase name="testgetStatus" time="0.292" classname="com.tgxd.gtw.programApi.test.ProgramGetFilteredProgramTest"/>
  <testcase name="testisDataEmpty_N" time="0.292" classname="com.tgxd.gtw.programApi.test.ProgramGetFilteredProgramTest"/>
  <testcase name="testgetStatus" time="0.290" classname="com.tgxd.gtw.programApi.test.ProgramGetFilteredProgramTest"/>
  <testcase name="testisDataEmpty_N" time="0.313" classname="com.tgxd.gtw.programApi.test.ProgramGetFilteredProgramTest"/>
  <testcase name="testgetStatus" time="0.296" classname="com.tgxd.gtw.programApi.test.ProgramGetFilteredProgramTest"/>
</testsuite>
