<?xml version="1.0" encoding="UTF-8"?>
<!-- Generated by org.testng.reporters.JUnitReportReporter -->
<testsuite hostname="mum-1nbharad-m.local" name="com.tgxd.gtw.programApi.test.ProgramAiringsTest" tests="6" failures="0" timestamp="6 Aug 2014 09:17:06 GMT" time="4.026" errors="0">
  <testcase name="testgetStatus" time="0.559" classname="com.tgxd.gtw.programApi.test.ProgramAiringsTest"/>
  <testcase name="testServiceId" time="0.614" classname="com.tgxd.gtw.programApi.test.ProgramAiringsTest"/>
  <testcase name="testgetStatus" time="0.602" classname="com.tgxd.gtw.programApi.test.ProgramAiringsTest"/>
  <testcase name="testisDataEmpty_N" time="0.625" classname="com.tgxd.gtw.programApi.test.ProgramAiringsTest"/>
  <testcase name="testServiceId" time="1.059" classname="com.tgxd.gtw.programApi.test.ProgramAiringsTest"/>
  <testcase name="testisDataEmpty_N" time="0.567" classname="com.tgxd.gtw.programApi.test.ProgramAiringsTest"/>
</testsuite>
