<?xml version="1.0" encoding="UTF-8"?>
<!-- Generated by org.testng.reporters.JUnitReportReporter -->
<testsuite hostname="mum-1nbharad-m.local" name="com.tgxd.gtw.SearchApi.test.SearchProgramInfoTest" tests="4" failures="0" timestamp="6 Aug 2014 09:17:06 GMT" time="3.351" errors="0">
  <testcase name="testgetStatus" time="0.860" classname="com.tgxd.gtw.SearchApi.test.SearchProgramInfoTest"/>
  <testcase name="testisDataEmpty_N" time="0.894" classname="com.tgxd.gtw.SearchApi.test.SearchProgramInfoTest"/>
  <testcase name="testisDataEmpty_N" time="0.751" classname="com.tgxd.gtw.SearchApi.test.SearchProgramInfoTest"/>
  <testcase name="testgetStatus" time="0.846" classname="com.tgxd.gtw.SearchApi.test.SearchProgramInfoTest"/>
</testsuite>
