<?xml version="1.0" encoding="UTF-8"?>
<!-- Generated by org.testng.reporters.JUnitReportReporter -->
<testsuite hostname="mum-1nbharad-m.local" name="com.tgxd.gtw.programApi.test.ProgramDetailsTest" tests="9" failures="0" timestamp="6 Aug 2014 09:17:06 GMT" time="3.865" errors="0">
  <testcase name="testisDataEmpty_N" time="0.544" classname="com.tgxd.gtw.programApi.test.ProgramDetailsTest"/>
  <testcase name="testgetStatus" time="0.396" classname="com.tgxd.gtw.programApi.test.ProgramDetailsTest"/>
  <testcase name="testgetStatus" time="0.418" classname="com.tgxd.gtw.programApi.test.ProgramDetailsTest"/>
  <testcase name="testProgramId" time="0.393" classname="com.tgxd.gtw.programApi.test.ProgramDetailsTest"/>
  <testcase name="testProgramId" time="0.523" classname="com.tgxd.gtw.programApi.test.ProgramDetailsTest"/>
  <testcase name="testisDataEmpty_N" time="0.340" classname="com.tgxd.gtw.programApi.test.ProgramDetailsTest"/>
  <testcase name="testisDataEmpty_N" time="0.355" classname="com.tgxd.gtw.programApi.test.ProgramDetailsTest"/>
  <testcase name="testProgramId" time="0.366" classname="com.tgxd.gtw.programApi.test.ProgramDetailsTest"/>
  <testcase name="testgetStatus" time="0.530" classname="com.tgxd.gtw.programApi.test.ProgramDetailsTest"/>
</testsuite>
