<?xml version="1.0" encoding="UTF-8"?>
<!-- Generated by org.testng.reporters.JUnitReportReporter -->
<testsuite hostname="mum-1nbharad-m.local" name="com.tgxd.gtw.accountApi.test.AccountCreateTest" tests="1" failures="0" timestamp="6 Aug 2014 09:17:06 GMT" time="0.564" errors="0">
  <testcase name="testNotNullFieldsforChannel_N" time="0.564" classname="com.tgxd.gtw.accountApi.test.AccountCreateTest"/>
</testsuite>
