<?xml version="1.0" encoding="UTF-8"?>
<!-- Generated by org.testng.reporters.JUnitReportReporter -->
<testsuite hostname="mum-1nbharad-m.local" name="com.tgxd.gtw.programApi.test.ProgramDetailsTest" tests="9" failures="0" timestamp="28 Jul 2014 07:09:48 GMT" time="3.832" errors="0">
  <testcase name="testisDataEmpty_N" time="0.370" classname="com.tgxd.gtw.programApi.test.ProgramDetailsTest"/>
  <testcase name="testisDataEmpty_N" time="0.367" classname="com.tgxd.gtw.programApi.test.ProgramDetailsTest"/>
  <testcase name="testisDataEmpty_N" time="0.588" classname="com.tgxd.gtw.programApi.test.ProgramDetailsTest"/>
  <testcase name="testgetStatus" time="0.365" classname="com.tgxd.gtw.programApi.test.ProgramDetailsTest"/>
  <testcase name="testProgramId" time="0.372" classname="com.tgxd.gtw.programApi.test.ProgramDetailsTest"/>
  <testcase name="testgetStatus" time="0.532" classname="com.tgxd.gtw.programApi.test.ProgramDetailsTest"/>
  <testcase name="testProgramId" time="0.349" classname="com.tgxd.gtw.programApi.test.ProgramDetailsTest"/>
  <testcase name="testgetStatus" time="0.348" classname="com.tgxd.gtw.programApi.test.ProgramDetailsTest"/>
  <testcase name="testProgramId" time="0.541" classname="com.tgxd.gtw.programApi.test.ProgramDetailsTest"/>
</testsuite>
