<?xml version="1.0" encoding="UTF-8"?>
<!-- Generated by org.testng.reporters.JUnitReportReporter -->
<testsuite hostname="mum-1nbharad-m.local" name="com.tgxd.gtw.nameApi.test.AiringsTest" tests="4" failures="0" timestamp="28 Jul 2014 07:09:47 GMT" time="1.967" errors="0">
  <testcase name="testgetStatus" time="0.468" classname="com.tgxd.gtw.nameApi.test.AiringsTest"/>
  <testcase name="testgetStatus" time="0.811" classname="com.tgxd.gtw.nameApi.test.AiringsTest"/>
  <testcase name="testisDataEmpty_N" time="0.307" classname="com.tgxd.gtw.nameApi.test.AiringsTest"/>
  <testcase name="testisDataEmpty_N" time="0.381" classname="com.tgxd.gtw.nameApi.test.AiringsTest"/>
</testsuite>
