<?xml version="1.0" encoding="UTF-8"?>
<!-- Generated by org.testng.reporters.JUnitReportReporter -->
<testsuite hostname="mum-1nbharad-m.local" name="com.tgxd.gtw.AdminApi.test.AdminGetAllMSOProfileTest" tests="8" failures="0" timestamp="6 Aug 2014 09:17:06 GMT" time="2.401" errors="0">
  <testcase name="testisDataEmpty_N" time="0.310" classname="com.tgxd.gtw.AdminApi.test.AdminGetAllMSOProfileTest"/>
  <testcase name="testgetStatus" time="0.299" classname="com.tgxd.gtw.AdminApi.test.AdminGetAllMSOProfileTest"/>
  <testcase name="testisDataEmpty_N" time="0.307" classname="com.tgxd.gtw.AdminApi.test.AdminGetAllMSOProfileTest"/>
  <testcase name="testgetStatus" time="0.293" classname="com.tgxd.gtw.AdminApi.test.AdminGetAllMSOProfileTest"/>
  <testcase name="testgetStatus" time="0.290" classname="com.tgxd.gtw.AdminApi.test.AdminGetAllMSOProfileTest"/>
  <testcase name="testisDataEmpty_N" time="0.301" classname="com.tgxd.gtw.AdminApi.test.AdminGetAllMSOProfileTest"/>
  <testcase name="testisDataEmpty_N" time="0.299" classname="com.tgxd.gtw.AdminApi.test.AdminGetAllMSOProfileTest"/>
  <testcase name="testgetStatus" time="0.302" classname="com.tgxd.gtw.AdminApi.test.AdminGetAllMSOProfileTest"/>
</testsuite>
