<?xml version="1.0" encoding="UTF-8"?>
<!-- Generated by org.testng.reporters.JUnitReportReporter -->
<testsuite hostname="mum-1nbharad-m.local" name="com.tgxd.gtw.programApi.test.ProgramGetFavouriteProgramTilesTest" tests="4" failures="0" timestamp="6 Aug 2014 09:17:06 GMT" time="1.502" errors="0">
  <testcase name="testgetStatus" time="0.388" classname="com.tgxd.gtw.programApi.test.ProgramGetFavouriteProgramTilesTest"/>
  <testcase name="testgetStatus" time="0.392" classname="com.tgxd.gtw.programApi.test.ProgramGetFavouriteProgramTilesTest"/>
  <testcase name="testisDataEmpty_N" time="0.363" classname="com.tgxd.gtw.programApi.test.ProgramGetFavouriteProgramTilesTest"/>
  <testcase name="testisDataEmpty_N" time="0.359" classname="com.tgxd.gtw.programApi.test.ProgramGetFavouriteProgramTilesTest"/>
</testsuite>
