<?xml version="1.0" encoding="UTF-8"?>
<!-- Generated by org.testng.reporters.JUnitReportReporter -->
<testsuite hostname="mum-1nbharad-m.local" name="com.tgxd.gtw.programApi.test.ProgramCastCrewTest" tests="6" failures="0" timestamp="6 Aug 2014 09:17:06 GMT" time="2.373" errors="0">
  <testcase name="testgetStatus" time="0.450" classname="com.tgxd.gtw.programApi.test.ProgramCastCrewTest"/>
  <testcase name="testProgramId" time="0.533" classname="com.tgxd.gtw.programApi.test.ProgramCastCrewTest"/>
  <testcase name="testgetStatus" time="0.315" classname="com.tgxd.gtw.programApi.test.ProgramCastCrewTest"/>
  <testcase name="testisDataEmpty_N" time="0.434" classname="com.tgxd.gtw.programApi.test.ProgramCastCrewTest"/>
  <testcase name="testProgramId" time="0.316" classname="com.tgxd.gtw.programApi.test.ProgramCastCrewTest"/>
  <testcase name="testisDataEmpty_N" time="0.325" classname="com.tgxd.gtw.programApi.test.ProgramCastCrewTest"/>
</testsuite>
