<?xml version="1.0" encoding="UTF-8"?>
<!-- Generated by org.testng.reporters.JUnitReportReporter -->
<testsuite hostname="mum-1nbharad-m.local" name="com.tgxd.gtw.ListingsApi.test.ListingServiceDetailsTest" tests="4" failures="0" timestamp="28 Jul 2014 07:09:47 GMT" time="9.137" errors="0">
  <testcase name="testisDataEmpty_N" time="0.982" classname="com.tgxd.gtw.ListingsApi.test.ListingServiceDetailsTest"/>
  <testcase name="testisDataEmpty_N" time="3.004" classname="com.tgxd.gtw.ListingsApi.test.ListingServiceDetailsTest"/>
  <testcase name="testgetStatus" time="3.237" classname="com.tgxd.gtw.ListingsApi.test.ListingServiceDetailsTest"/>
  <testcase name="testgetStatus" time="1.914" classname="com.tgxd.gtw.ListingsApi.test.ListingServiceDetailsTest"/>
</testsuite>
